<?xml version="1.0" encoding="UTF-8"?>
<testng-results ignored="0" total="4" passed="4" failed="0" skipped="0">
  <reporter-output>
  </reporter-output>
  <suite started-at="2025-01-27T22:08:53 IST" name="Suite A and B" finished-at="2025-01-27T22:08:53 IST" duration-ms="0">
    <groups>
    </groups>
  </suite> <!-- Suite A and B -->
  <suite started-at="2025-01-27T22:08:50 IST" name="SuiteA" finished-at="2025-01-27T22:08:53 IST" duration-ms="3076">
    <groups>
    </groups>
    <test started-at="2025-01-27T22:08:50 IST" name="TestAA" finished-at="2025-01-27T22:08:53 IST" duration-ms="3075">
      <class name="suiteA.TestClassAA">
        <test-method signature="testAA()[pri:0, instance:suiteA.TestClassAA@42a48628]" started-at="2025-01-27T22:08:50 IST" name="testAA" finished-at="2025-01-27T22:08:53 IST" duration-ms="3021" status="PASS">
          <reporter-output>
          </reporter-output>
        </test-method> <!-- testAA -->
      </class> <!-- suiteA.TestClassAA -->
    </test> <!-- TestAA -->
    <test started-at="2025-01-27T22:08:50 IST" name="TestA" finished-at="2025-01-27T22:08:53 IST" duration-ms="3076">
      <class name="suiteA.TestClassA">
        <test-method signature="testA()[pri:0, instance:suiteA.TestClassA@6dc17b83]" started-at="2025-01-27T22:08:50 IST" name="testA" finished-at="2025-01-27T22:08:53 IST" duration-ms="3022" status="PASS">
          <reporter-output>
          </reporter-output>
        </test-method> <!-- testA -->
      </class> <!-- suiteA.TestClassA -->
    </test> <!-- TestA -->
  </suite> <!-- SuiteA -->
  <suite started-at="2025-01-27T22:08:50 IST" name="SuiteB" finished-at="2025-01-27T22:08:53 IST" duration-ms="3075">
    <groups>
    </groups>
    <test started-at="2025-01-27T22:08:50 IST" name="TestBB" finished-at="2025-01-27T22:08:53 IST" duration-ms="3075">
      <class name="suiteB.TestClassBB">
        <test-method signature="testBB()[pri:0, instance:suiteB.TestClassBB@38d8f54a]" started-at="2025-01-27T22:08:50 IST" name="testBB" finished-at="2025-01-27T22:08:53 IST" duration-ms="3022" status="PASS">
          <reporter-output>
          </reporter-output>
        </test-method> <!-- testBB -->
      </class> <!-- suiteB.TestClassBB -->
    </test> <!-- TestBB -->
    <test started-at="2025-01-27T22:08:50 IST" name="TestB" finished-at="2025-01-27T22:08:53 IST" duration-ms="3075">
      <class name="suiteB.TestClassB">
        <test-method signature="testB()[pri:0, instance:suiteB.TestClassB@74f0ea28]" started-at="2025-01-27T22:08:50 IST" name="testB" finished-at="2025-01-27T22:08:53 IST" duration-ms="3021" status="PASS">
          <reporter-output>
          </reporter-output>
        </test-method> <!-- testB -->
      </class> <!-- suiteB.TestClassB -->
    </test> <!-- TestB -->
  </suite> <!-- SuiteB -->
</testng-results>
