<?xml version="1.0" encoding="UTF-8"?>
<testsuite xmlns:xsi="http://www.w3.org/2001/XMLSchema-instance" xsi:noNamespaceSchemaLocation="https://maven.apache.org/surefire/maven-surefire-plugin/xsd/surefire-test-report.xsd" version="3.0.2" name="TestSuite" time="3.602" tests="4" errors="0" skipped="0" failures="0">
  <properties>
[...]
</properties>
  <testcase name="testB" classname="suiteB.TestClassB" time="3.031">
    <system-out><![CDATA[Starting Test BB
Starting Test AA
Starting Test A
Starting Test B
Ending Test B
Ending Test A
Ending Test AA
Ending Test BB
]]></system-out>
  </testcase>
  <testcase name="testAA" classname="suiteA.TestClassAA" time="3.068"/>
  <testcase name="testBB" classname="suiteB.TestClassBB" time="3.069"/>
  <testcase name="testA" classname="suiteA.TestClassA" time="3.069"/>
</testsuite>