<?xml version="1.0" encoding="UTF-8"?>
<testng-results ignored="0" total="1" passed="1" failed="0" skipped="0">
  <reporter-output>
  </reporter-output>
  <suite started-at="2025-03-11T20:45:22 IST" name="Default suite" finished-at="2025-03-11T20:45:53 IST" duration-ms="31311">
    <groups>
    </groups>
    <test started-at="2025-03-11T20:45:22 IST" name="Default test" finished-at="2025-03-11T20:45:53 IST" duration-ms="31311">
      <class name="SeleniumScenario1.ExtractWebpagePart">
        <test-method is-config="true" signature="init()[pri:0, instance:SeleniumScenario1.ExtractWebpagePart@35d019a3]" started-at="2025-03-11T20:45:22 IST" name="init" finished-at="2025-03-11T20:45:53 IST" duration-ms="30641" status="PASS">
          <reporter-output>
          </reporter-output>
        </test-method> <!-- init -->
        <test-method signature="extractElementTest()[pri:0, instance:SeleniumScenario1.ExtractWebpagePart@35d019a3]" started-at="2025-03-11T20:45:53 IST" name="extractElementTest" finished-at="2025-03-11T20:45:53 IST" duration-ms="252" status="PASS">
          <reporter-output>
          </reporter-output>
        </test-method> <!-- extractElementTest -->
        <test-method is-config="true" signature="finish()[pri:0, instance:SeleniumScenario1.ExtractWebpagePart@35d019a3]" started-at="2025-03-11T20:45:53 IST" name="finish" finished-at="2025-03-11T20:45:53 IST" duration-ms="375" status="PASS">
          <reporter-output>
          </reporter-output>
        </test-method> <!-- finish -->
      </class> <!-- SeleniumScenario1.ExtractWebpagePart -->
    </test> <!-- Default test -->
  </suite> <!-- Default suite -->
</testng-results>
