<?xml version="1.0" encoding="UTF-8"?>
<testng-results ignored="0" total="1" passed="1" failed="0" skipped="0">
  <reporter-output>
  </reporter-output>
  <suite started-at="2025-02-11T20:14:02 IST" name="Default suite" finished-at="2025-02-11T20:14:23 IST" duration-ms="21662">
    <groups>
    </groups>
    <test started-at="2025-02-11T20:14:02 IST" name="Default test" finished-at="2025-02-11T20:14:23 IST" duration-ms="21662">
      <class name="locators.XpathClass">
        <test-method signature="XpathTest()[pri:0, instance:locators.XpathClass@35e2d654]" started-at="2025-02-11T20:14:02 IST" name="XpathTest" finished-at="2025-02-11T20:14:23 IST" duration-ms="21629" status="PASS">
          <reporter-output>
          </reporter-output>
        </test-method> <!-- XpathTest -->
      </class> <!-- locators.XpathClass -->
    </test> <!-- Default test -->
  </suite> <!-- Default suite -->
</testng-results>
