<?xml version="1.0" encoding="UTF-8"?>
<testng-results ignored="0" total="4" passed="4" failed="0" skipped="0">
  <reporter-output>
  </reporter-output>
  <suite started-at="2025-01-27T22:01:58 IST" name="Suite A and B" finished-at="2025-01-27T22:01:58 IST" duration-ms="0">
    <groups>
    </groups>
  </suite> <!-- Suite A and B -->
  <suite started-at="2025-01-27T22:01:52 IST" name="SuiteA" finished-at="2025-01-27T22:01:55 IST" duration-ms="3064">
    <groups>
    </groups>
    <test started-at="2025-01-27T22:01:52 IST" name="TestA" finished-at="2025-01-27T22:01:55 IST" duration-ms="3064">
      <class name="suiteA.TestClassA">
        <test-method signature="testA()[pri:0, instance:suiteA.TestClassA@43195e57]" started-at="2025-01-27T22:01:52 IST" name="testA" finished-at="2025-01-27T22:01:55 IST" duration-ms="3018" status="PASS">
          <reporter-output>
          </reporter-output>
        </test-method> <!-- testA -->
      </class> <!-- suiteA.TestClassA -->
    </test> <!-- TestA -->
    <test started-at="2025-01-27T22:01:52 IST" name="TestAA" finished-at="2025-01-27T22:01:55 IST" duration-ms="3064">
      <class name="suiteA.TestClassAA">
        <test-method signature="testAA()[pri:0, instance:suiteA.TestClassAA@564fabc8]" started-at="2025-01-27T22:01:52 IST" name="testAA" finished-at="2025-01-27T22:01:55 IST" duration-ms="3018" status="PASS">
          <reporter-output>
          </reporter-output>
        </test-method> <!-- testAA -->
      </class> <!-- suiteA.TestClassAA -->
    </test> <!-- TestAA -->
  </suite> <!-- SuiteA -->
  <suite started-at="2025-01-27T22:01:55 IST" name="SuiteB" finished-at="2025-01-27T22:01:58 IST" duration-ms="3012">
    <groups>
    </groups>
    <test started-at="2025-01-27T22:01:55 IST" name="TestB" finished-at="2025-01-27T22:01:58 IST" duration-ms="3010">
      <class name="suiteB.TestClassB">
        <test-method signature="testB()[pri:0, instance:suiteB.TestClassB@436813f3]" started-at="2025-01-27T22:01:55 IST" name="testB" finished-at="2025-01-27T22:01:58 IST" duration-ms="3002" status="PASS">
          <reporter-output>
          </reporter-output>
        </test-method> <!-- testB -->
      </class> <!-- suiteB.TestClassB -->
    </test> <!-- TestB -->
    <test started-at="2025-01-27T22:01:55 IST" name="TestBB" finished-at="2025-01-27T22:01:58 IST" duration-ms="3012">
      <class name="suiteB.TestClassBB">
        <test-method signature="testBB()[pri:0, instance:suiteB.TestClassBB@7f3b84b8]" started-at="2025-01-27T22:01:55 IST" name="testBB" finished-at="2025-01-27T22:01:58 IST" duration-ms="3003" status="PASS">
          <reporter-output>
          </reporter-output>
        </test-method> <!-- testBB -->
      </class> <!-- suiteB.TestClassBB -->
    </test> <!-- TestBB -->
  </suite> <!-- SuiteB -->
</testng-results>
