<?xml version="1.0" encoding="UTF-8"?>
<!-- Generated by org.testng.reporters.JUnitXMLReporter -->
<testsuite ignored="0" hostname="MSI" failures="0" tests="3" name="Default test" time="22.421" errors="0" timestamp="2025-02-09T20:41:16 IST">
  <testcase classname="browsers.SeleniumMultipleBrowsers" name="openInChrome" time="6.014"/>
  <testcase classname="browsers.SeleniumMultipleBrowsers" name="openInEdge" time="7.142"/>
  <testcase classname="browsers.SeleniumMultipleBrowsers" name="openInFireFox" time="9.22"/>
</testsuite> <!-- Default test -->
