<?xml version="1.0" encoding="UTF-8"?>
<!-- Generated by org.testng.reporters.JUnitXMLReporter -->
<testsuite ignored="4" hostname="MSI" failures="0" tests="1" name="Default test" time="12.631" errors="0" timestamp="2025-02-25T12:59:12 IST">
  <testcase classname="seleniumwaits.SeleniumExplicitWaits" name="verifyCheckbox" time="10.231"/>
  <testcase classname="seleniumwaits.SeleniumExplicitWaits" name="verifyTextPresent" time="0.0">
    <ignored/>
  </testcase> <!-- verifyTextPresent -->
  <testcase classname="seleniumwaits.SeleniumExplicitWaits" name="verifyAlert" time="0.0">
    <ignored/>
  </testcase> <!-- verifyAlert -->
  <testcase classname="seleniumwaits.SeleniumExplicitWaits" name="verifyButtonEnable" time="0.0">
    <ignored/>
  </testcase> <!-- verifyButtonEnable -->
  <testcase classname="seleniumwaits.SeleniumExplicitWaits" name="verifyButtonDisplay" time="0.0">
    <ignored/>
  </testcase> <!-- verifyButtonDisplay -->
</testsuite> <!-- Default test -->
