<?xml version="1.0" encoding="UTF-8"?>
<!-- Generated by org.testng.reporters.JUnitXMLReporter -->
<testsuite ignored="0" hostname="MSI" failures="2" tests="2" name="Test" time="0.12" errors="0" timestamp="2025-02-10T19:35:57 IST">
  <testcase classname="suiteA.TestClassA" name="testA" time="0.0">
    <failure type="org.testng.TestNGException" message="
Data Provider public static java.lang.Object[][] dataprovider.TestDataProvider.dataProviderSuiteA(java.lang.reflect.Method) returned a null value">
      <![CDATA[org.testng.TestNGException: 
at java.base/java.util.ArrayList.forEach(ArrayList.java:1596)
... Removed 25 stack frames]]>
    </failure>
  </testcase> <!-- testA -->
  <testcase classname="suiteA.TestClassAA" name="testAA" time="0.0">
    <failure type="org.testng.TestNGException" message="
Data Provider public static java.lang.Object[][] dataprovider.TestDataProvider.dataProviderSuiteA(java.lang.reflect.Method) returned a null value">
      <![CDATA[org.testng.TestNGException: 
at java.base/java.util.ArrayList.forEach(ArrayList.java:1596)
... Removed 25 stack frames]]>
    </failure>
  </testcase> <!-- testAA -->
</testsuite> <!-- Test -->
