<?xml version="1.0" encoding="UTF-8"?>
<!-- Generated by org.testng.reporters.JUnitXMLReporter -->
<testsuite ignored="2" hostname="MSI" failures="2" tests="2" name="Test" time="0.068" errors="0" timestamp="2025-02-09T18:33:27 IST">
  <testcase classname="TestBase.TestBase" name="@BeforeTest init" time="-1.739106207062E9">
    <failure type="org.testng.TestNGException" message="
Can inject only one of &amp;lt;ITestContext, XmlTest&amp;gt; into a @BeforeTest annotated init.
For more information on native dependency injection please refer to https://testng.org/#_dependency_injection">
      <![CDATA[org.testng.TestNGException: 
Can inject only one of <ITestContext, XmlTest> into a @BeforeTest annotated init.
For more information on native dependency injection please refer to https://testng.org/#_dependency_injection
... Removed 21 stack frames]]>
    </failure>
  </testcase> <!-- @BeforeTest init -->
  <testcase classname="TestBase.TestBase" name="@AfterTest end" time="0.0">
    <skipped/>
  </testcase> <!-- @AfterTest end -->
  <testcase classname="suiteA.TestClassA" name="testA" time="0.0">
    <failure type="org.testng.TestNGException" message="
Data Provider public static java.lang.Object[][] dataprovider.TestDataProvider.dataProviderSuiteA(java.lang.reflect.Method) returned a null value">
      <![CDATA[org.testng.TestNGException: 
at java.base/java.util.ArrayList.forEach(ArrayList.java:1596)
... Removed 25 stack frames]]>
    </failure>
  </testcase> <!-- testA -->
  <testcase classname="suiteA.TestClassAA" name="testAA" time="0.0">
    <failure type="org.testng.TestNGException" message="
Data Provider public static java.lang.Object[][] dataprovider.TestDataProvider.dataProviderSuiteA(java.lang.reflect.Method) returned a null value">
      <![CDATA[org.testng.TestNGException: 
at java.base/java.util.ArrayList.forEach(ArrayList.java:1596)
... Removed 25 stack frames]]>
    </failure>
  </testcase> <!-- testAA -->
  <testcase classname="TestBase.TestBase" name="@AfterTest end" time="0.0">
    <ignored/>
  </testcase> <!-- @AfterTest end -->
  <testcase classname="TestBase.TestBase" name="@BeforeTest init" time="0.0">
    <ignored/>
  </testcase> <!-- @BeforeTest init -->
</testsuite> <!-- Test -->
