<?xml version="1.0" encoding="UTF-8"?>
<!-- Generated by org.testng.reporters.JUnitXMLReporter -->
<testsuite ignored="0" hostname="MSI" failures="0" tests="3" name="Unit Test" time="0.008" errors="0" timestamp="2025-01-26T18:09:09 IST">
  <testcase classname="com.testNG.dataProviderDemo.DataProviderTrainingDemo" name="commonScenario" time="0.001"/>
  <testcase classname="com.testNG.dataProviderDemo.DataProviderTrainingDemo" name="scenario1" time="0.001"/>
  <testcase classname="com.testNG.dataProviderDemo.DataProviderTrainingDemo" name="scenario2" time="0.001"/>
</testsuite> <!-- Unit Test -->
